Arguments: 
  /usr/local/bin/node /Users/rich/.yarn/bin/yarn.js update

PATH: 
  /Users/rich/.yarn/bin:/Users/rich/.config/yarn/global/node_modules/.bin:/Users/rich/bin:/usr/local/bin:/Users/rich/.composer/vendor/bin:/usr/local/bin:/usr/bin:/bin:/usr/sbin:/sbin

Yarn version: 
  1.5.1

Node version: 
  9.3.0

Platform: 
  darwin x64

npm manifest: 
  {
    "name": "optix-sass",
    "version": "2.3.1",
    "main": "_all.scss",
    "author": "Rich Moore",
    "license": "MIT",
    "dependencies": {
      "bulma": "^0.6",
      "font-awesome": "^4.7.0"
    }
  }

yarn manifest: 
  No manifest

Lockfile: 
  No lockfile

Trace: 
  Error: Command "update" not found.
      at new MessageError (/Users/rich/.yarn/lib/cli.js:186:110)
      at /Users/rich/.yarn/lib/cli.js:87307:17
      at Generator.next (<anonymous>)
      at step (/Users/rich/.yarn/lib/cli.js:98:30)
      at /Users/rich/.yarn/lib/cli.js:116:14
      at new Promise (<anonymous>)
      at new F (/Users/rich/.yarn/lib/cli.js:23451:28)
      at /Users/rich/.yarn/lib/cli.js:95:12
      at runCommand (/Users/rich/.yarn/lib/cli.js:87312:22)
      at Object.<anonymous> (/Users/rich/.yarn/lib/cli.js:87412:14)
